State 31 conflicts: 1 shift/reduce
State 33 conflicts: 1 shift/reduce


Grammar

    0 $accept: start $end

    1 start: %empty
    2      | EXIT_T

    3 $@1: %empty

    4 start: expression EOL $@1 start

    5 $@2: %empty

    6 start: EOL $@2 start

    7 $@3: %empty

    8 start: error EOL $@3 start

    9 expression: NUMBER
   10           | FLOAT
   11           | VARIABLE
   12           | INF_T
   13           | NAN_T
   14           | '-' expression
   15           | '+' expression
   16           | expression '+' expression
   17           | expression '-' expression
   18           | expression '*' expression
   19           | '(' expression ')'
   20           | VARIABLE '=' expression
   21           | PRINT_T '(' VARIABLE ')'
   22           | PRINT_T '(' expression ')'
   23           | DISPLAY_T '(' VARIABLE ')'
   24           | DISPLAY_T '(' expression ')'
   25           | SYNERR_T


Terminals, with rules where they appear

$end (0) 0
'(' (40) 19 21 22 23 24
')' (41) 19 21 22 23 24
'*' (42) 18
'+' (43) 15 16
'-' (45) 14 17
'=' (61) 20
error (256) 8
NUMBER (258) 9
FLOAT (259) 10
INF_T (260) 12
NAN_T (261) 13
PRINT_T (262) 21 22
DISPLAY_T (263) 23 24
EXIT_T (264) 2
SYNERR_T (265) 25
VARIABLE (266) 11 20 21 23
EOL (267) 4 6 8
UNARY (268)


Nonterminals, with rules where they appear

$accept (20)
    on left: 0
start (21)
    on left: 1 2 4 6 8, on right: 0 4 6 8
$@1 (22)
    on left: 3, on right: 4
$@2 (23)
    on left: 5, on right: 6
$@3 (24)
    on left: 7, on right: 8
expression (25)
    on left: 9 10 11 12 13 14 15 16 17 18 19 20 21 22 23 24 25, on right:
    4 14 15 16 17 18 19 20 22 24


State 0

    0 $accept: . start $end

    error      shift, and go to state 1
    NUMBER     shift, and go to state 2
    FLOAT      shift, and go to state 3
    INF_T      shift, and go to state 4
    NAN_T      shift, and go to state 5
    PRINT_T    shift, and go to state 6
    DISPLAY_T  shift, and go to state 7
    EXIT_T     shift, and go to state 8
    SYNERR_T   shift, and go to state 9
    VARIABLE   shift, and go to state 10
    EOL        shift, and go to state 11
    '-'        shift, and go to state 12
    '+'        shift, and go to state 13
    '('        shift, and go to state 14

    $end  reduce using rule 1 (start)

    start       go to state 15
    expression  go to state 16


State 1

    8 start: error . EOL $@3 start

    EOL  shift, and go to state 17


State 2

    9 expression: NUMBER .

    $default  reduce using rule 9 (expression)


State 3

   10 expression: FLOAT .

    $default  reduce using rule 10 (expression)


State 4

   12 expression: INF_T .

    $default  reduce using rule 12 (expression)


State 5

   13 expression: NAN_T .

    $default  reduce using rule 13 (expression)


State 6

   21 expression: PRINT_T . '(' VARIABLE ')'
   22           | PRINT_T . '(' expression ')'

    '('  shift, and go to state 18


State 7

   23 expression: DISPLAY_T . '(' VARIABLE ')'
   24           | DISPLAY_T . '(' expression ')'

    '('  shift, and go to state 19


State 8

    2 start: EXIT_T .

    $default  reduce using rule 2 (start)


State 9

   25 expression: SYNERR_T .

    $default  reduce using rule 25 (expression)


State 10

   11 expression: VARIABLE .
   20           | VARIABLE . '=' expression

    '='  shift, and go to state 20

    $default  reduce using rule 11 (expression)


State 11

    6 start: EOL . $@2 start

    $default  reduce using rule 5 ($@2)

    $@2  go to state 21


State 12

   14 expression: '-' . expression

    NUMBER     shift, and go to state 2
    FLOAT      shift, and go to state 3
    INF_T      shift, and go to state 4
    NAN_T      shift, and go to state 5
    PRINT_T    shift, and go to state 6
    DISPLAY_T  shift, and go to state 7
    SYNERR_T   shift, and go to state 9
    VARIABLE   shift, and go to state 10
    '-'        shift, and go to state 12
    '+'        shift, and go to state 13
    '('        shift, and go to state 14

    expression  go to state 22


State 13

   15 expression: '+' . expression

    NUMBER     shift, and go to state 2
    FLOAT      shift, and go to state 3
    INF_T      shift, and go to state 4
    NAN_T      shift, and go to state 5
    PRINT_T    shift, and go to state 6
    DISPLAY_T  shift, and go to state 7
    SYNERR_T   shift, and go to state 9
    VARIABLE   shift, and go to state 10
    '-'        shift, and go to state 12
    '+'        shift, and go to state 13
    '('        shift, and go to state 14

    expression  go to state 23


State 14

   19 expression: '(' . expression ')'

    NUMBER     shift, and go to state 2
    FLOAT      shift, and go to state 3
    INF_T      shift, and go to state 4
    NAN_T      shift, and go to state 5
    PRINT_T    shift, and go to state 6
    DISPLAY_T  shift, and go to state 7
    SYNERR_T   shift, and go to state 9
    VARIABLE   shift, and go to state 10
    '-'        shift, and go to state 12
    '+'        shift, and go to state 13
    '('        shift, and go to state 14

    expression  go to state 24


State 15

    0 $accept: start . $end

    $end  shift, and go to state 25


State 16

    4 start: expression . EOL $@1 start
   16 expression: expression . '+' expression
   17           | expression . '-' expression
   18           | expression . '*' expression

    EOL  shift, and go to state 26
    '-'  shift, and go to state 27
    '+'  shift, and go to state 28
    '*'  shift, and go to state 29


State 17

    8 start: error EOL . $@3 start

    $default  reduce using rule 7 ($@3)

    $@3  go to state 30


State 18

   21 expression: PRINT_T '(' . VARIABLE ')'
   22           | PRINT_T '(' . expression ')'

    NUMBER     shift, and go to state 2
    FLOAT      shift, and go to state 3
    INF_T      shift, and go to state 4
    NAN_T      shift, and go to state 5
    PRINT_T    shift, and go to state 6
    DISPLAY_T  shift, and go to state 7
    SYNERR_T   shift, and go to state 9
    VARIABLE   shift, and go to state 31
    '-'        shift, and go to state 12
    '+'        shift, and go to state 13
    '('        shift, and go to state 14

    expression  go to state 32


State 19

   23 expression: DISPLAY_T '(' . VARIABLE ')'
   24           | DISPLAY_T '(' . expression ')'

    NUMBER     shift, and go to state 2
    FLOAT      shift, and go to state 3
    INF_T      shift, and go to state 4
    NAN_T      shift, and go to state 5
    PRINT_T    shift, and go to state 6
    DISPLAY_T  shift, and go to state 7
    SYNERR_T   shift, and go to state 9
    VARIABLE   shift, and go to state 33
    '-'        shift, and go to state 12
    '+'        shift, and go to state 13
    '('        shift, and go to state 14

    expression  go to state 34


State 20

   20 expression: VARIABLE '=' . expression

    NUMBER     shift, and go to state 2
    FLOAT      shift, and go to state 3
    INF_T      shift, and go to state 4
    NAN_T      shift, and go to state 5
    PRINT_T    shift, and go to state 6
    DISPLAY_T  shift, and go to state 7
    SYNERR_T   shift, and go to state 9
    VARIABLE   shift, and go to state 10
    '-'        shift, and go to state 12
    '+'        shift, and go to state 13
    '('        shift, and go to state 14

    expression  go to state 35


State 21

    6 start: EOL $@2 . start

    error      shift, and go to state 1
    NUMBER     shift, and go to state 2
    FLOAT      shift, and go to state 3
    INF_T      shift, and go to state 4
    NAN_T      shift, and go to state 5
    PRINT_T    shift, and go to state 6
    DISPLAY_T  shift, and go to state 7
    EXIT_T     shift, and go to state 8
    SYNERR_T   shift, and go to state 9
    VARIABLE   shift, and go to state 10
    EOL        shift, and go to state 11
    '-'        shift, and go to state 12
    '+'        shift, and go to state 13
    '('        shift, and go to state 14

    $end  reduce using rule 1 (start)

    start       go to state 36
    expression  go to state 16


State 22

   14 expression: '-' expression .
   16           | expression . '+' expression
   17           | expression . '-' expression
   18           | expression . '*' expression

    $default  reduce using rule 14 (expression)


State 23

   15 expression: '+' expression .
   16           | expression . '+' expression
   17           | expression . '-' expression
   18           | expression . '*' expression

    $default  reduce using rule 15 (expression)


State 24

   16 expression: expression . '+' expression
   17           | expression . '-' expression
   18           | expression . '*' expression
   19           | '(' expression . ')'

    '-'  shift, and go to state 27
    '+'  shift, and go to state 28
    '*'  shift, and go to state 29
    ')'  shift, and go to state 37


State 25

    0 $accept: start $end .

    $default  accept


State 26

    4 start: expression EOL . $@1 start

    $default  reduce using rule 3 ($@1)

    $@1  go to state 38


State 27

   17 expression: expression '-' . expression

    NUMBER     shift, and go to state 2
    FLOAT      shift, and go to state 3
    INF_T      shift, and go to state 4
    NAN_T      shift, and go to state 5
    PRINT_T    shift, and go to state 6
    DISPLAY_T  shift, and go to state 7
    SYNERR_T   shift, and go to state 9
    VARIABLE   shift, and go to state 10
    '-'        shift, and go to state 12
    '+'        shift, and go to state 13
    '('        shift, and go to state 14

    expression  go to state 39


State 28

   16 expression: expression '+' . expression

    NUMBER     shift, and go to state 2
    FLOAT      shift, and go to state 3
    INF_T      shift, and go to state 4
    NAN_T      shift, and go to state 5
    PRINT_T    shift, and go to state 6
    DISPLAY_T  shift, and go to state 7
    SYNERR_T   shift, and go to state 9
    VARIABLE   shift, and go to state 10
    '-'        shift, and go to state 12
    '+'        shift, and go to state 13
    '('        shift, and go to state 14

    expression  go to state 40


State 29

   18 expression: expression '*' . expression

    NUMBER     shift, and go to state 2
    FLOAT      shift, and go to state 3
    INF_T      shift, and go to state 4
    NAN_T      shift, and go to state 5
    PRINT_T    shift, and go to state 6
    DISPLAY_T  shift, and go to state 7
    SYNERR_T   shift, and go to state 9
    VARIABLE   shift, and go to state 10
    '-'        shift, and go to state 12
    '+'        shift, and go to state 13
    '('        shift, and go to state 14

    expression  go to state 41


State 30

    8 start: error EOL $@3 . start

    error      shift, and go to state 1
    NUMBER     shift, and go to state 2
    FLOAT      shift, and go to state 3
    INF_T      shift, and go to state 4
    NAN_T      shift, and go to state 5
    PRINT_T    shift, and go to state 6
    DISPLAY_T  shift, and go to state 7
    EXIT_T     shift, and go to state 8
    SYNERR_T   shift, and go to state 9
    VARIABLE   shift, and go to state 10
    EOL        shift, and go to state 11
    '-'        shift, and go to state 12
    '+'        shift, and go to state 13
    '('        shift, and go to state 14

    $end  reduce using rule 1 (start)

    start       go to state 42
    expression  go to state 16


State 31

   11 expression: VARIABLE .
   20           | VARIABLE . '=' expression
   21           | PRINT_T '(' VARIABLE . ')'

    '='  shift, and go to state 20
    ')'  shift, and go to state 43

    ')'       [reduce using rule 11 (expression)]
    $default  reduce using rule 11 (expression)


State 32

   16 expression: expression . '+' expression
   17           | expression . '-' expression
   18           | expression . '*' expression
   22           | PRINT_T '(' expression . ')'

    '-'  shift, and go to state 27
    '+'  shift, and go to state 28
    '*'  shift, and go to state 29
    ')'  shift, and go to state 44


State 33

   11 expression: VARIABLE .
   20           | VARIABLE . '=' expression
   23           | DISPLAY_T '(' VARIABLE . ')'

    '='  shift, and go to state 20
    ')'  shift, and go to state 45

    ')'       [reduce using rule 11 (expression)]
    $default  reduce using rule 11 (expression)


State 34

   16 expression: expression . '+' expression
   17           | expression . '-' expression
   18           | expression . '*' expression
   24           | DISPLAY_T '(' expression . ')'

    '-'  shift, and go to state 27
    '+'  shift, and go to state 28
    '*'  shift, and go to state 29
    ')'  shift, and go to state 46


State 35

   16 expression: expression . '+' expression
   17           | expression . '-' expression
   18           | expression . '*' expression
   20           | VARIABLE '=' expression .

    '-'  shift, and go to state 27
    '+'  shift, and go to state 28
    '*'  shift, and go to state 29

    $default  reduce using rule 20 (expression)


State 36

    6 start: EOL $@2 start .

    $default  reduce using rule 6 (start)


State 37

   19 expression: '(' expression ')' .

    $default  reduce using rule 19 (expression)


State 38

    4 start: expression EOL $@1 . start

    error      shift, and go to state 1
    NUMBER     shift, and go to state 2
    FLOAT      shift, and go to state 3
    INF_T      shift, and go to state 4
    NAN_T      shift, and go to state 5
    PRINT_T    shift, and go to state 6
    DISPLAY_T  shift, and go to state 7
    EXIT_T     shift, and go to state 8
    SYNERR_T   shift, and go to state 9
    VARIABLE   shift, and go to state 10
    EOL        shift, and go to state 11
    '-'        shift, and go to state 12
    '+'        shift, and go to state 13
    '('        shift, and go to state 14

    $end  reduce using rule 1 (start)

    start       go to state 47
    expression  go to state 16


State 39

   16 expression: expression . '+' expression
   17           | expression . '-' expression
   17           | expression '-' expression .
   18           | expression . '*' expression

    '*'  shift, and go to state 29

    $default  reduce using rule 17 (expression)


State 40

   16 expression: expression . '+' expression
   16           | expression '+' expression .
   17           | expression . '-' expression
   18           | expression . '*' expression

    '*'  shift, and go to state 29

    $default  reduce using rule 16 (expression)


State 41

   16 expression: expression . '+' expression
   17           | expression . '-' expression
   18           | expression . '*' expression
   18           | expression '*' expression .

    $default  reduce using rule 18 (expression)


State 42

    8 start: error EOL $@3 start .

    $default  reduce using rule 8 (start)


State 43

   21 expression: PRINT_T '(' VARIABLE ')' .

    $default  reduce using rule 21 (expression)


State 44

   22 expression: PRINT_T '(' expression ')' .

    $default  reduce using rule 22 (expression)


State 45

   23 expression: DISPLAY_T '(' VARIABLE ')' .

    $default  reduce using rule 23 (expression)


State 46

   24 expression: DISPLAY_T '(' expression ')' .

    $default  reduce using rule 24 (expression)


State 47

    4 start: expression EOL $@1 start .

    $default  reduce using rule 4 (start)
